{"/home/moamen-lotfy/Desktop/End-to-End-Kubernetes-Chess-DevSecOps-FullStack-Project/Chess-Backend/src/config/db.js": {"path":"/home/moamen-lotfy/Desktop/End-to-End-Kubernetes-Chess-DevSecOps-FullStack-Project/Chess-Backend/src/config/db.js","statementMap":{"0":{"start":{"line":4,"column":17},"end":{"line":4,"column":30}},"1":{"start":{"line":5,"column":17},"end":{"line":5,"column":36}},"2":{"start":{"line":7,"column":13},"end":{"line":16,"column":2}},"3":{"start":{"line":18,"column":0},"end":{"line":20,"column":3}},"4":{"start":{"line":19,"column":2},"end":{"line":19,"column":56}},"5":{"start":{"line":22,"column":18},"end":{"line":31,"column":1}},"6":{"start":{"line":23,"column":2},"end":{"line":30,"column":3}},"7":{"start":{"line":24,"column":19},"end":{"line":24,"column":39}},"8":{"start":{"line":25,"column":4},"end":{"line":25,"column":55}},"9":{"start":{"line":26,"column":4},"end":{"line":26,"column":21}},"10":{"start":{"line":28,"column":4},"end":{"line":28,"column":66}},"11":{"start":{"line":29,"column":4},"end":{"line":29,"column":14}},"12":{"start":{"line":33,"column":14},"end":{"line":33,"column":56}},"13":{"start":{"line":33,"column":32},"end":{"line":33,"column":56}},"14":{"start":{"line":35,"column":0},"end":{"line":35,"column":44}}},"fnMap":{"0":{"name":"(anonymous_0)","decl":{"start":{"line":18,"column":17},"end":{"line":18,"column":18}},"loc":{"start":{"line":18,"column":26},"end":{"line":20,"column":1}},"line":18},"1":{"name":"(anonymous_1)","decl":{"start":{"line":22,"column":18},"end":{"line":22,"column":19}},"loc":{"start":{"line":22,"column":30},"end":{"line":31,"column":1}},"line":22},"2":{"name":"(anonymous_2)","decl":{"start":{"line":33,"column":14},"end":{"line":33,"column":15}},"loc":{"start":{"line":33,"column":32},"end":{"line":33,"column":56}},"line":33}},"branchMap":{"0":{"loc":{"start":{"line":8,"column":12},"end":{"line":8,"column":55}},"type":"binary-expr","locations":[{"start":{"line":8,"column":12},"end":{"line":8,"column":31}},{"start":{"line":8,"column":39},"end":{"line":8,"column":55}}],"line":8},"1":{"loc":{"start":{"line":9,"column":21},"end":{"line":9,"column":50}},"type":"binary-expr","locations":[{"start":{"line":9,"column":21},"end":{"line":9,"column":40}},{"start":{"line":9,"column":44},"end":{"line":9,"column":50}}],"line":9},"2":{"loc":{"start":{"line":10,"column":12},"end":{"line":10,"column":49}},"type":"binary-expr","locations":[{"start":{"line":10,"column":12},"end":{"line":10,"column":31}},{"start":{"line":10,"column":39},"end":{"line":10,"column":49}}],"line":10},"3":{"loc":{"start":{"line":11,"column":12},"end":{"line":11,"column":51}},"type":"binary-expr","locations":[{"start":{"line":11,"column":12},"end":{"line":11,"column":31}},{"start":{"line":11,"column":39},"end":{"line":11,"column":51}}],"line":11},"4":{"loc":{"start":{"line":12,"column":12},"end":{"line":12,"column":55}},"type":"binary-expr","locations":[{"start":{"line":12,"column":12},"end":{"line":12,"column":35}},{"start":{"line":12,"column":39},"end":{"line":12,"column":55}}],"line":12}},"s":{"0":1,"1":1,"2":1,"3":1,"4":0,"5":1,"6":0,"7":0,"8":0,"9":0,"10":0,"11":0,"12":1,"13":0,"14":1},"f":{"0":0,"1":0,"2":0},"b":{"0":[1,1],"1":[1,1],"2":[1,1],"3":[1,1],"4":[1,1]},"_coverageSchema":"1a1c01bbd47fc00a2c39e90264f33305004495a9","hash":"de2fb97cf78a185c3b20f468e400f8a3dea3705b"}
,"/home/moamen-lotfy/Desktop/End-to-End-Kubernetes-Chess-DevSecOps-FullStack-Project/Chess-Backend/src/config/logger.js": {"path":"/home/moamen-lotfy/Desktop/End-to-End-Kubernetes-Chess-DevSecOps-FullStack-Project/Chess-Backend/src/config/logger.js","statementMap":{"0":{"start":{"line":1,"column":16},"end":{"line":1,"column":34}},"1":{"start":{"line":3,"column":15},"end":{"line":18,"column":2}},"2":{"start":{"line":20,"column":0},"end":{"line":20,"column":24}}},"fnMap":{},"branchMap":{"0":{"loc":{"start":{"line":4,"column":9},"end":{"line":4,"column":40}},"type":"binary-expr","locations":[{"start":{"line":4,"column":9},"end":{"line":4,"column":30}},{"start":{"line":4,"column":34},"end":{"line":4,"column":40}}],"line":4}},"s":{"0":1,"1":1,"2":1},"f":{},"b":{"0":[1,1]},"_coverageSchema":"1a1c01bbd47fc00a2c39e90264f33305004495a9","hash":"7aa7768417e50446a03d96948081ee1780ef4aa0"}
,"/home/moamen-lotfy/Desktop/End-to-End-Kubernetes-Chess-DevSecOps-FullStack-Project/Chess-Backend/src/models/Game.js": {"path":"/home/moamen-lotfy/Desktop/End-to-End-Kubernetes-Chess-DevSecOps-FullStack-Project/Chess-Backend/src/models/Game.js","statementMap":{"0":{"start":{"line":6,"column":24},"end":{"line":6,"column":47}},"1":{"start":{"line":8,"column":13},"end":{"line":155,"column":1}},"2":{"start":{"line":16,"column":19},"end":{"line":16,"column":39}},"3":{"start":{"line":17,"column":4},"end":{"line":36,"column":5}},"4":{"start":{"line":18,"column":6},"end":{"line":18,"column":34}},"5":{"start":{"line":19,"column":21},"end":{"line":19,"column":43}},"6":{"start":{"line":20,"column":6},"end":{"line":20,"column":35}},"7":{"start":{"line":21,"column":6},"end":{"line":21,"column":20}},"8":{"start":{"line":23,"column":6},"end":{"line":32,"column":7}},"9":{"start":{"line":24,"column":8},"end":{"line":24,"column":39}},"10":{"start":{"line":26,"column":25},"end":{"line":28,"column":9}},"11":{"start":{"line":29,"column":8},"end":{"line":29,"column":37}},"12":{"start":{"line":30,"column":8},"end":{"line":30,"column":45}},"13":{"start":{"line":31,"column":8},"end":{"line":31,"column":23}},"14":{"start":{"line":33,"column":6},"end":{"line":33,"column":16}},"15":{"start":{"line":35,"column":6},"end":{"line":35,"column":23}},"16":{"start":{"line":44,"column":19},"end":{"line":44,"column":82}},"17":{"start":{"line":45,"column":4},"end":{"line":45,"column":34}},"18":{"start":{"line":49,"column":19},"end":{"line":49,"column":73}},"19":{"start":{"line":50,"column":4},"end":{"line":50,"column":34}},"20":{"start":{"line":55,"column":19},"end":{"line":61,"column":5}},"21":{"start":{"line":62,"column":4},"end":{"line":62,"column":23}},"22":{"start":{"line":75,"column":19},"end":{"line":80,"column":5}},"23":{"start":{"line":81,"column":4},"end":{"line":83,"column":5}},"24":{"start":{"line":82,"column":6},"end":{"line":82,"column":51}},"25":{"start":{"line":84,"column":4},"end":{"line":84,"column":26}},"26":{"start":{"line":90,"column":19},"end":{"line":96,"column":5}},"27":{"start":{"line":97,"column":4},"end":{"line":99,"column":5}},"28":{"start":{"line":98,"column":6},"end":{"line":98,"column":117}},"29":{"start":{"line":100,"column":4},"end":{"line":100,"column":26}},"30":{"start":{"line":105,"column":19},"end":{"line":108,"column":5}},"31":{"start":{"line":109,"column":4},"end":{"line":111,"column":5}},"32":{"start":{"line":110,"column":6},"end":{"line":110,"column":87}},"33":{"start":{"line":112,"column":4},"end":{"line":112,"column":26}},"34":{"start":{"line":118,"column":16},"end":{"line":124,"column":5}},"35":{"start":{"line":125,"column":4},"end":{"line":127,"column":5}},"36":{"start":{"line":126,"column":6},"end":{"line":126,"column":43}},"37":{"start":{"line":128,"column":4},"end":{"line":128,"column":23}},"38":{"start":{"line":135,"column":16},"end":{"line":138,"column":5}},"39":{"start":{"line":139,"column":4},"end":{"line":141,"column":5}},"40":{"start":{"line":140,"column":6},"end":{"line":140,"column":72}},"41":{"start":{"line":142,"column":4},"end":{"line":142,"column":23}},"42":{"start":{"line":146,"column":16},"end":{"line":149,"column":5}},"43":{"start":{"line":150,"column":4},"end":{"line":152,"column":5}},"44":{"start":{"line":151,"column":6},"end":{"line":151,"column":65}},"45":{"start":{"line":153,"column":4},"end":{"line":153,"column":23}},"46":{"start":{"line":157,"column":0},"end":{"line":157,"column":22}}},"fnMap":{"0":{"name":"(anonymous_0)","decl":{"start":{"line":15,"column":2},"end":{"line":15,"column":3}},"loc":{"start":{"line":15,"column":35},"end":{"line":37,"column":3}},"line":15},"1":{"name":"(anonymous_1)","decl":{"start":{"line":43,"column":2},"end":{"line":43,"column":3}},"loc":{"start":{"line":43,"column":29},"end":{"line":46,"column":3}},"line":43},"2":{"name":"(anonymous_2)","decl":{"start":{"line":48,"column":2},"end":{"line":48,"column":3}},"loc":{"start":{"line":48,"column":21},"end":{"line":51,"column":3}},"line":48},"3":{"name":"(anonymous_3)","decl":{"start":{"line":54,"column":2},"end":{"line":54,"column":3}},"loc":{"start":{"line":54,"column":41},"end":{"line":63,"column":3}},"line":54},"4":{"name":"(anonymous_4)","decl":{"start":{"line":74,"column":2},"end":{"line":74,"column":3}},"loc":{"start":{"line":74,"column":111},"end":{"line":85,"column":3}},"line":74},"5":{"name":"(anonymous_5)","decl":{"start":{"line":89,"column":2},"end":{"line":89,"column":3}},"loc":{"start":{"line":89,"column":80},"end":{"line":101,"column":3}},"line":89},"6":{"name":"(anonymous_6)","decl":{"start":{"line":104,"column":2},"end":{"line":104,"column":3}},"loc":{"start":{"line":104,"column":58},"end":{"line":113,"column":3}},"line":104},"7":{"name":"(anonymous_7)","decl":{"start":{"line":117,"column":2},"end":{"line":117,"column":3}},"loc":{"start":{"line":117,"column":82},"end":{"line":129,"column":3}},"line":117},"8":{"name":"(anonymous_8)","decl":{"start":{"line":134,"column":2},"end":{"line":134,"column":3}},"loc":{"start":{"line":134,"column":51},"end":{"line":143,"column":3}},"line":134},"9":{"name":"(anonymous_9)","decl":{"start":{"line":145,"column":2},"end":{"line":145,"column":3}},"loc":{"start":{"line":145,"column":52},"end":{"line":154,"column":3}},"line":145}},"branchMap":{"0":{"loc":{"start":{"line":45,"column":11},"end":{"line":45,"column":33}},"type":"binary-expr","locations":[{"start":{"line":45,"column":11},"end":{"line":45,"column":25}},{"start":{"line":45,"column":29},"end":{"line":45,"column":33}}],"line":45},"1":{"loc":{"start":{"line":50,"column":11},"end":{"line":50,"column":33}},"type":"binary-expr","locations":[{"start":{"line":50,"column":11},"end":{"line":50,"column":25}},{"start":{"line":50,"column":29},"end":{"line":50,"column":33}}],"line":50},"2":{"loc":{"start":{"line":54,"column":29},"end":{"line":54,"column":39}},"type":"default-arg","locations":[{"start":{"line":54,"column":37},"end":{"line":54,"column":39}}],"line":54},"3":{"loc":{"start":{"line":74,"column":71},"end":{"line":74,"column":95}},"type":"default-arg","locations":[{"start":{"line":74,"column":82},"end":{"line":74,"column":95}}],"line":74},"4":{"loc":{"start":{"line":79,"column":7},"end":{"line":79,"column":21}},"type":"binary-expr","locations":[{"start":{"line":79,"column":7},"end":{"line":79,"column":13}},{"start":{"line":79,"column":17},"end":{"line":79,"column":21}}],"line":79},"5":{"loc":{"start":{"line":79,"column":23},"end":{"line":79,"column":42}},"type":"binary-expr","locations":[{"start":{"line":79,"column":23},"end":{"line":79,"column":34}},{"start":{"line":79,"column":38},"end":{"line":79,"column":42}}],"line":79},"6":{"loc":{"start":{"line":79,"column":69},"end":{"line":79,"column":87}},"type":"binary-expr","locations":[{"start":{"line":79,"column":69},"end":{"line":79,"column":79}},{"start":{"line":79,"column":83},"end":{"line":79,"column":87}}],"line":79},"7":{"loc":{"start":{"line":81,"column":4},"end":{"line":83,"column":5}},"type":"if","locations":[{"start":{"line":81,"column":4},"end":{"line":83,"column":5}},{"start":{},"end":{}}],"line":81},"8":{"loc":{"start":{"line":95,"column":15},"end":{"line":95,"column":34}},"type":"binary-expr","locations":[{"start":{"line":95,"column":15},"end":{"line":95,"column":26}},{"start":{"line":95,"column":30},"end":{"line":95,"column":34}}],"line":95},"9":{"loc":{"start":{"line":97,"column":4},"end":{"line":99,"column":5}},"type":"if","locations":[{"start":{"line":97,"column":4},"end":{"line":99,"column":5}},{"start":{},"end":{}}],"line":97},"10":{"loc":{"start":{"line":109,"column":4},"end":{"line":111,"column":5}},"type":"if","locations":[{"start":{"line":109,"column":4},"end":{"line":111,"column":5}},{"start":{},"end":{}}],"line":109},"11":{"loc":{"start":{"line":123,"column":27},"end":{"line":123,"column":46}},"type":"binary-expr","locations":[{"start":{"line":123,"column":27},"end":{"line":123,"column":38}},{"start":{"line":123,"column":42},"end":{"line":123,"column":46}}],"line":123},"12":{"loc":{"start":{"line":125,"column":4},"end":{"line":127,"column":5}},"type":"if","locations":[{"start":{"line":125,"column":4},"end":{"line":127,"column":5}},{"start":{},"end":{}}],"line":125},"13":{"loc":{"start":{"line":139,"column":4},"end":{"line":141,"column":5}},"type":"if","locations":[{"start":{"line":139,"column":4},"end":{"line":141,"column":5}},{"start":{},"end":{}}],"line":139},"14":{"loc":{"start":{"line":150,"column":4},"end":{"line":152,"column":5}},"type":"if","locations":[{"start":{"line":150,"column":4},"end":{"line":152,"column":5}},{"start":{},"end":{}}],"line":150}},"s":{"0":1,"1":1,"2":3,"3":3,"4":3,"5":3,"6":1,"7":1,"8":2,"9":2,"10":1,"11":1,"12":1,"13":1,"14":1,"15":3,"16":0,"17":0,"18":0,"19":0,"20":0,"21":0,"22":1,"23":1,"24":1,"25":0,"26":1,"27":1,"28":1,"29":0,"30":1,"31":1,"32":1,"33":0,"34":1,"35":1,"36":1,"37":0,"38":0,"39":0,"40":0,"41":0,"42":1,"43":1,"44":1,"45":0,"46":1},"f":{"0":3,"1":0,"2":0,"3":0,"4":1,"5":1,"6":1,"7":1,"8":0,"9":1},"b":{"0":[0,0],"1":[0,0],"2":[0],"3":[1],"4":[1,0],"5":[1,1],"6":[1,1],"7":[1,0],"8":[1,1],"9":[1,0],"10":[1,0],"11":[1,0],"12":[1,0],"13":[0,0],"14":[1,0]},"_coverageSchema":"1a1c01bbd47fc00a2c39e90264f33305004495a9","hash":"559f6400c4772f9550a75cdabc78fdf1f42dbc13"}
,"/home/moamen-lotfy/Desktop/End-to-End-Kubernetes-Chess-DevSecOps-FullStack-Project/Chess-Backend/src/socket/gameSocket.js": {"path":"/home/moamen-lotfy/Desktop/End-to-End-Kubernetes-Chess-DevSecOps-FullStack-Project/Chess-Backend/src/socket/gameSocket.js","statementMap":{"0":{"start":{"line":8,"column":15},"end":{"line":8,"column":42}},"1":{"start":{"line":9,"column":13},"end":{"line":9,"column":38}},"2":{"start":{"line":10,"column":13},"end":{"line":10,"column":38}},"3":{"start":{"line":11,"column":30},"end":{"line":11,"column":53}},"4":{"start":{"line":12,"column":18},"end":{"line":12,"column":37}},"5":{"start":{"line":18,"column":20},"end":{"line":18,"column":29}},"6":{"start":{"line":21,"column":24},"end":{"line":21,"column":92}},"7":{"start":{"line":21,"column":35},"end":{"line":21,"column":91}},"8":{"start":{"line":24,"column":23},"end":{"line":24,"column":85}},"9":{"start":{"line":24,"column":29},"end":{"line":24,"column":85}},"10":{"start":{"line":30,"column":28},"end":{"line":36,"column":1}},"11":{"start":{"line":31,"column":16},"end":{"line":34,"column":13}},"12":{"start":{"line":32,"column":4},"end":{"line":32,"column":31}},"13":{"start":{"line":33,"column":4},"end":{"line":33,"column":42}},"14":{"start":{"line":35,"column":2},"end":{"line":35,"column":16}},"15":{"start":{"line":51,"column":2},"end":{"line":53,"column":3}},"16":{"start":{"line":52,"column":4},"end":{"line":52,"column":41}},"17":{"start":{"line":54,"column":2},"end":{"line":54,"column":25}},"18":{"start":{"line":57,"column":2},"end":{"line":95,"column":3}},"19":{"start":{"line":58,"column":4},"end":{"line":88,"column":7}},"20":{"start":{"line":59,"column":6},"end":{"line":59,"column":84}},"21":{"start":{"line":61,"column":26},"end":{"line":61,"column":67}},"22":{"start":{"line":61,"column":51},"end":{"line":61,"column":66}},"23":{"start":{"line":62,"column":26},"end":{"line":62,"column":67}},"24":{"start":{"line":62,"column":51},"end":{"line":62,"column":66}},"25":{"start":{"line":63,"column":22},"end":{"line":63,"column":26}},"26":{"start":{"line":70,"column":6},"end":{"line":85,"column":7}},"27":{"start":{"line":71,"column":26},"end":{"line":71,"column":91}},"28":{"start":{"line":72,"column":26},"end":{"line":72,"column":91}},"29":{"start":{"line":73,"column":27},"end":{"line":73,"column":82}},"30":{"start":{"line":74,"column":43},"end":{"line":78,"column":9}},"31":{"start":{"line":79,"column":29},"end":{"line":79,"column":94}},"32":{"start":{"line":80,"column":29},"end":{"line":80,"column":94}},"33":{"start":{"line":81,"column":8},"end":{"line":84,"column":10}},"34":{"start":{"line":87,"column":6},"end":{"line":87,"column":27}},"35":{"start":{"line":93,"column":4},"end":{"line":93,"column":28}},"36":{"start":{"line":94,"column":4},"end":{"line":94,"column":14}},"37":{"start":{"line":98,"column":2},"end":{"line":98,"column":27}},"38":{"start":{"line":99,"column":2},"end":{"line":99,"column":26}},"39":{"start":{"line":101,"column":2},"end":{"line":107,"column":5}},"40":{"start":{"line":109,"column":2},"end":{"line":109,"column":31}},"41":{"start":{"line":110,"column":2},"end":{"line":110,"column":22}},"42":{"start":{"line":113,"column":19},"end":{"line":572,"column":1}},"43":{"start":{"line":114,"column":2},"end":{"line":571,"column":5}},"44":{"start":{"line":115,"column":4},"end":{"line":115,"column":50}},"45":{"start":{"line":118,"column":4},"end":{"line":164,"column":7}},"46":{"start":{"line":119,"column":24},"end":{"line":119,"column":51}},"47":{"start":{"line":120,"column":6},"end":{"line":122,"column":7}},"48":{"start":{"line":121,"column":8},"end":{"line":121,"column":72}},"49":{"start":{"line":124,"column":21},"end":{"line":124,"column":42}},"50":{"start":{"line":125,"column":21},"end":{"line":125,"column":37}},"51":{"start":{"line":126,"column":20},"end":{"line":126,"column":31}},"52":{"start":{"line":127,"column":25},"end":{"line":127,"column":36}},"53":{"start":{"line":133,"column":6},"end":{"line":146,"column":7}},"54":{"start":{"line":134,"column":8},"end":{"line":142,"column":10}},"55":{"start":{"line":135,"column":10},"end":{"line":141,"column":12}},"56":{"start":{"line":144,"column":8},"end":{"line":144,"column":82}},"57":{"start":{"line":145,"column":8},"end":{"line":145,"column":75}},"58":{"start":{"line":148,"column":19},"end":{"line":159,"column":7}},"59":{"start":{"line":160,"column":6},"end":{"line":160,"column":36}},"60":{"start":{"line":161,"column":6},"end":{"line":161,"column":26}},"61":{"start":{"line":162,"column":6},"end":{"line":162,"column":58}},"62":{"start":{"line":163,"column":6},"end":{"line":163,"column":81}},"63":{"start":{"line":167,"column":4},"end":{"line":216,"column":7}},"64":{"start":{"line":168,"column":19},"end":{"line":168,"column":42}},"65":{"start":{"line":169,"column":6},"end":{"line":171,"column":7}},"66":{"start":{"line":170,"column":8},"end":{"line":170,"column":67}},"67":{"start":{"line":172,"column":6},"end":{"line":174,"column":7}},"68":{"start":{"line":173,"column":8},"end":{"line":173,"column":65}},"69":{"start":{"line":175,"column":6},"end":{"line":177,"column":7}},"70":{"start":{"line":176,"column":8},"end":{"line":176,"column":73}},"71":{"start":{"line":179,"column":24},"end":{"line":179,"column":51}},"72":{"start":{"line":180,"column":6},"end":{"line":182,"column":7}},"73":{"start":{"line":181,"column":8},"end":{"line":181,"column":72}},"74":{"start":{"line":184,"column":21},"end":{"line":184,"column":42}},"75":{"start":{"line":190,"column":6},"end":{"line":200,"column":7}},"76":{"start":{"line":191,"column":8},"end":{"line":196,"column":10}},"77":{"start":{"line":192,"column":10},"end":{"line":195,"column":12}},"78":{"start":{"line":198,"column":8},"end":{"line":198,"column":90}},"79":{"start":{"line":199,"column":8},"end":{"line":199,"column":72}},"80":{"start":{"line":206,"column":6},"end":{"line":208,"column":7}},"81":{"start":{"line":207,"column":8},"end":{"line":207,"column":65}},"82":{"start":{"line":210,"column":6},"end":{"line":210,"column":80}},"83":{"start":{"line":211,"column":6},"end":{"line":211,"column":30}},"84":{"start":{"line":212,"column":6},"end":{"line":212,"column":26}},"85":{"start":{"line":214,"column":6},"end":{"line":214,"column":91}},"86":{"start":{"line":215,"column":6},"end":{"line":215,"column":56}},"87":{"start":{"line":219,"column":4},"end":{"line":332,"column":7}},"88":{"start":{"line":220,"column":19},"end":{"line":220,"column":42}},"89":{"start":{"line":221,"column":6},"end":{"line":223,"column":7}},"90":{"start":{"line":222,"column":8},"end":{"line":222,"column":73}},"91":{"start":{"line":224,"column":6},"end":{"line":226,"column":7}},"92":{"start":{"line":225,"column":8},"end":{"line":225,"column":71}},"93":{"start":{"line":228,"column":21},"end":{"line":228,"column":65}},"94":{"start":{"line":228,"column":46},"end":{"line":228,"column":64}},"95":{"start":{"line":229,"column":6},"end":{"line":231,"column":7}},"96":{"start":{"line":230,"column":8},"end":{"line":230,"column":81}},"97":{"start":{"line":232,"column":6},"end":{"line":234,"column":7}},"98":{"start":{"line":233,"column":8},"end":{"line":233,"column":66}},"99":{"start":{"line":235,"column":6},"end":{"line":237,"column":7}},"100":{"start":{"line":236,"column":8},"end":{"line":236,"column":65}},"101":{"start":{"line":241,"column":26},"end":{"line":241,"column":42}},"102":{"start":{"line":242,"column":27},"end":{"line":242,"column":36}},"103":{"start":{"line":245,"column":6},"end":{"line":253,"column":7}},"104":{"start":{"line":246,"column":8},"end":{"line":250,"column":11}},"105":{"start":{"line":252,"column":8},"end":{"line":252,"column":25}},"106":{"start":{"line":255,"column":6},"end":{"line":259,"column":7}},"107":{"start":{"line":258,"column":8},"end":{"line":258,"column":65}},"108":{"start":{"line":264,"column":21},"end":{"line":264,"column":37}},"109":{"start":{"line":265,"column":22},"end":{"line":265,"column":39}},"110":{"start":{"line":266,"column":25},"end":{"line":266,"column":46}},"111":{"start":{"line":268,"column":6},"end":{"line":290,"column":7}},"112":{"start":{"line":269,"column":8},"end":{"line":282,"column":11}},"113":{"start":{"line":270,"column":10},"end":{"line":270,"column":79}},"114":{"start":{"line":271,"column":10},"end":{"line":281,"column":13}},"115":{"start":{"line":284,"column":8},"end":{"line":284,"column":93}},"116":{"start":{"line":288,"column":8},"end":{"line":288,"column":37}},"117":{"start":{"line":289,"column":8},"end":{"line":289,"column":74}},"118":{"start":{"line":293,"column":6},"end":{"line":293,"column":26}},"119":{"start":{"line":294,"column":6},"end":{"line":294,"column":26}},"120":{"start":{"line":295,"column":6},"end":{"line":304,"column":9}},"121":{"start":{"line":306,"column":6},"end":{"line":311,"column":9}},"122":{"start":{"line":315,"column":6},"end":{"line":331,"column":7}},"123":{"start":{"line":316,"column":30},"end":{"line":316,"column":77}},"124":{"start":{"line":317,"column":33},"end":{"line":317,"column":37}},"125":{"start":{"line":318,"column":28},"end":{"line":318,"column":32}},"126":{"start":{"line":319,"column":8},"end":{"line":324,"column":9}},"127":{"start":{"line":321,"column":10},"end":{"line":321,"column":44}},"128":{"start":{"line":322,"column":31},"end":{"line":322,"column":87}},"129":{"start":{"line":322,"column":56},"end":{"line":322,"column":86}},"130":{"start":{"line":323,"column":10},"end":{"line":323,"column":53}},"131":{"start":{"line":325,"column":8},"end":{"line":330,"column":9}},"132":{"start":{"line":326,"column":10},"end":{"line":326,"column":89}},"133":{"start":{"line":328,"column":10},"end":{"line":328,"column":86}},"134":{"start":{"line":329,"column":10},"end":{"line":329,"column":76}},"135":{"start":{"line":335,"column":4},"end":{"line":380,"column":7}},"136":{"start":{"line":336,"column":19},"end":{"line":336,"column":42}},"137":{"start":{"line":337,"column":6},"end":{"line":339,"column":7}},"138":{"start":{"line":338,"column":8},"end":{"line":338,"column":67}},"139":{"start":{"line":341,"column":21},"end":{"line":341,"column":65}},"140":{"start":{"line":341,"column":46},"end":{"line":341,"column":64}},"141":{"start":{"line":342,"column":6},"end":{"line":344,"column":7}},"142":{"start":{"line":343,"column":8},"end":{"line":343,"column":81}},"143":{"start":{"line":345,"column":6},"end":{"line":347,"column":7}},"144":{"start":{"line":346,"column":8},"end":{"line":346,"column":74}},"145":{"start":{"line":348,"column":6},"end":{"line":350,"column":7}},"146":{"start":{"line":349,"column":8},"end":{"line":349,"column":71}},"147":{"start":{"line":355,"column":26},"end":{"line":355,"column":50}},"148":{"start":{"line":356,"column":21},"end":{"line":356,"column":40}},"149":{"start":{"line":358,"column":6},"end":{"line":360,"column":7}},"150":{"start":{"line":359,"column":8},"end":{"line":359,"column":66}},"151":{"start":{"line":363,"column":31},"end":{"line":363,"column":35}},"152":{"start":{"line":364,"column":26},"end":{"line":364,"column":30}},"153":{"start":{"line":365,"column":6},"end":{"line":372,"column":7}},"154":{"start":{"line":366,"column":8},"end":{"line":366,"column":36}},"155":{"start":{"line":367,"column":8},"end":{"line":367,"column":59}},"156":{"start":{"line":368,"column":29},"end":{"line":368,"column":85}},"157":{"start":{"line":368,"column":54},"end":{"line":368,"column":84}},"158":{"start":{"line":369,"column":8},"end":{"line":369,"column":51}},"159":{"start":{"line":371,"column":8},"end":{"line":371,"column":31}},"160":{"start":{"line":374,"column":6},"end":{"line":379,"column":7}},"161":{"start":{"line":375,"column":8},"end":{"line":375,"column":87}},"162":{"start":{"line":377,"column":8},"end":{"line":377,"column":88}},"163":{"start":{"line":378,"column":8},"end":{"line":378,"column":74}},"164":{"start":{"line":383,"column":4},"end":{"line":392,"column":7}},"165":{"start":{"line":384,"column":19},"end":{"line":384,"column":42}},"166":{"start":{"line":385,"column":6},"end":{"line":385,"column":76}},"167":{"start":{"line":385,"column":17},"end":{"line":385,"column":76}},"168":{"start":{"line":387,"column":21},"end":{"line":387,"column":65}},"169":{"start":{"line":387,"column":46},"end":{"line":387,"column":64}},"170":{"start":{"line":388,"column":6},"end":{"line":388,"column":98}},"171":{"start":{"line":388,"column":19},"end":{"line":388,"column":98}},"172":{"start":{"line":389,"column":6},"end":{"line":389,"column":100}},"173":{"start":{"line":389,"column":38},"end":{"line":389,"column":100}},"174":{"start":{"line":391,"column":6},"end":{"line":391,"column":46}},"175":{"start":{"line":398,"column":4},"end":{"line":478,"column":7}},"176":{"start":{"line":399,"column":22},"end":{"line":399,"column":64}},"177":{"start":{"line":401,"column":19},"end":{"line":401,"column":42}},"178":{"start":{"line":402,"column":6},"end":{"line":405,"column":7}},"179":{"start":{"line":403,"column":8},"end":{"line":403,"column":60}},"180":{"start":{"line":404,"column":8},"end":{"line":404,"column":63}},"181":{"start":{"line":407,"column":21},"end":{"line":407,"column":65}},"182":{"start":{"line":407,"column":46},"end":{"line":407,"column":64}},"183":{"start":{"line":408,"column":6},"end":{"line":411,"column":7}},"184":{"start":{"line":409,"column":8},"end":{"line":409,"column":79}},"185":{"start":{"line":410,"column":8},"end":{"line":410,"column":82}},"186":{"start":{"line":412,"column":6},"end":{"line":415,"column":7}},"187":{"start":{"line":413,"column":8},"end":{"line":413,"column":90}},"188":{"start":{"line":414,"column":8},"end":{"line":414,"column":93}},"189":{"start":{"line":417,"column":6},"end":{"line":417,"column":60}},"190":{"start":{"line":417,"column":30},"end":{"line":417,"column":60}},"191":{"start":{"line":418,"column":6},"end":{"line":418,"column":39}},"192":{"start":{"line":420,"column":6},"end":{"line":422,"column":7}},"193":{"start":{"line":421,"column":8},"end":{"line":421,"column":63}},"194":{"start":{"line":425,"column":24},"end":{"line":425,"column":65}},"195":{"start":{"line":425,"column":49},"end":{"line":425,"column":64}},"196":{"start":{"line":426,"column":24},"end":{"line":426,"column":65}},"197":{"start":{"line":426,"column":49},"end":{"line":426,"column":64}},"198":{"start":{"line":427,"column":6},"end":{"line":431,"column":7}},"199":{"start":{"line":428,"column":8},"end":{"line":428,"column":33}},"200":{"start":{"line":429,"column":8},"end":{"line":429,"column":88}},"201":{"start":{"line":430,"column":8},"end":{"line":430,"column":91}},"202":{"start":{"line":433,"column":20},"end":{"line":433,"column":31}},"203":{"start":{"line":434,"column":25},"end":{"line":434,"column":36}},"204":{"start":{"line":439,"column":6},"end":{"line":459,"column":7}},"205":{"start":{"line":440,"column":8},"end":{"line":453,"column":11}},"206":{"start":{"line":441,"column":26},"end":{"line":447,"column":12}},"207":{"start":{"line":448,"column":10},"end":{"line":451,"column":13}},"208":{"start":{"line":452,"column":10},"end":{"line":452,"column":25}},"209":{"start":{"line":455,"column":8},"end":{"line":455,"column":90}},"210":{"start":{"line":456,"column":8},"end":{"line":456,"column":33}},"211":{"start":{"line":457,"column":8},"end":{"line":457,"column":86}},"212":{"start":{"line":458,"column":8},"end":{"line":458,"column":82}},"213":{"start":{"line":462,"column":6},"end":{"line":462,"column":31}},"214":{"start":{"line":463,"column":6},"end":{"line":463,"column":25}},"215":{"start":{"line":464,"column":6},"end":{"line":464,"column":30}},"216":{"start":{"line":465,"column":6},"end":{"line":465,"column":22}},"217":{"start":{"line":466,"column":6},"end":{"line":466,"column":30}},"218":{"start":{"line":467,"column":6},"end":{"line":467,"column":22}},"219":{"start":{"line":468,"column":6},"end":{"line":468,"column":34}},"220":{"start":{"line":469,"column":6},"end":{"line":469,"column":30}},"221":{"start":{"line":470,"column":6},"end":{"line":470,"column":31}},"222":{"start":{"line":471,"column":6},"end":{"line":474,"column":10}},"223":{"start":{"line":471,"column":46},"end":{"line":474,"column":7}},"224":{"start":{"line":476,"column":6},"end":{"line":476,"column":85}},"225":{"start":{"line":477,"column":6},"end":{"line":477,"column":55}},"226":{"start":{"line":481,"column":4},"end":{"line":500,"column":7}},"227":{"start":{"line":482,"column":19},"end":{"line":482,"column":42}},"228":{"start":{"line":483,"column":6},"end":{"line":483,"column":76}},"229":{"start":{"line":483,"column":17},"end":{"line":483,"column":76}},"230":{"start":{"line":485,"column":21},"end":{"line":485,"column":65}},"231":{"start":{"line":485,"column":46},"end":{"line":485,"column":64}},"232":{"start":{"line":486,"column":6},"end":{"line":486,"column":89}},"233":{"start":{"line":486,"column":19},"end":{"line":486,"column":89}},"234":{"start":{"line":487,"column":6},"end":{"line":487,"column":104}},"235":{"start":{"line":487,"column":38},"end":{"line":487,"column":104}},"236":{"start":{"line":488,"column":6},"end":{"line":488,"column":90}},"237":{"start":{"line":488,"column":27},"end":{"line":488,"column":90}},"238":{"start":{"line":490,"column":23},"end":{"line":490,"column":67}},"239":{"start":{"line":490,"column":48},"end":{"line":490,"column":66}},"240":{"start":{"line":491,"column":26},"end":{"line":491,"column":58}},"241":{"start":{"line":492,"column":21},"end":{"line":492,"column":52}},"242":{"start":{"line":494,"column":6},"end":{"line":499,"column":7}},"243":{"start":{"line":495,"column":8},"end":{"line":495,"column":68}},"244":{"start":{"line":497,"column":8},"end":{"line":497,"column":85}},"245":{"start":{"line":498,"column":8},"end":{"line":498,"column":71}},"246":{"start":{"line":503,"column":4},"end":{"line":519,"column":7}},"247":{"start":{"line":504,"column":19},"end":{"line":504,"column":42}},"248":{"start":{"line":505,"column":6},"end":{"line":505,"column":24}},"249":{"start":{"line":505,"column":17},"end":{"line":505,"column":24}},"250":{"start":{"line":507,"column":21},"end":{"line":507,"column":65}},"251":{"start":{"line":507,"column":46},"end":{"line":507,"column":64}},"252":{"start":{"line":508,"column":6},"end":{"line":508,"column":26}},"253":{"start":{"line":508,"column":19},"end":{"line":508,"column":26}},"254":{"start":{"line":510,"column":20},"end":{"line":510,"column":59}},"255":{"start":{"line":511,"column":6},"end":{"line":511,"column":25}},"256":{"start":{"line":511,"column":18},"end":{"line":511,"column":25}},"257":{"start":{"line":513,"column":6},"end":{"line":518,"column":9}},"258":{"start":{"line":522,"column":4},"end":{"line":570,"column":7}},"259":{"start":{"line":523,"column":6},"end":{"line":523,"column":55}},"260":{"start":{"line":525,"column":6},"end":{"line":569,"column":7}},"261":{"start":{"line":526,"column":26},"end":{"line":526,"column":75}},"262":{"start":{"line":526,"column":56},"end":{"line":526,"column":74}},"263":{"start":{"line":527,"column":8},"end":{"line":527,"column":39}},"264":{"start":{"line":527,"column":30},"end":{"line":527,"column":39}},"265":{"start":{"line":529,"column":8},"end":{"line":567,"column":9}},"266":{"start":{"line":532,"column":10},"end":{"line":532,"column":44}},"267":{"start":{"line":533,"column":10},"end":{"line":536,"column":11}},"268":{"start":{"line":534,"column":12},"end":{"line":534,"column":39}},"269":{"start":{"line":535,"column":12},"end":{"line":535,"column":67}},"270":{"start":{"line":537,"column":15},"end":{"line":567,"column":9}},"271":{"start":{"line":538,"column":10},"end":{"line":542,"column":11}},"272":{"start":{"line":541,"column":12},"end":{"line":541,"column":18}},"273":{"start":{"line":543,"column":28},"end":{"line":543,"column":72}},"274":{"start":{"line":543,"column":53},"end":{"line":543,"column":71}},"275":{"start":{"line":544,"column":30},"end":{"line":544,"column":64}},"276":{"start":{"line":545,"column":25},"end":{"line":545,"column":58}},"277":{"start":{"line":551,"column":10},"end":{"line":551,"column":44}},"278":{"start":{"line":552,"column":10},"end":{"line":552,"column":58}},"279":{"start":{"line":554,"column":10},"end":{"line":562,"column":11}},"280":{"start":{"line":555,"column":12},"end":{"line":555,"column":76}},"281":{"start":{"line":561,"column":12},"end":{"line":561,"column":93}},"282":{"start":{"line":566,"column":10},"end":{"line":566,"column":44}},"283":{"start":{"line":568,"column":8},"end":{"line":568,"column":14}},"284":{"start":{"line":574,"column":0},"end":{"line":574,"column":45}}},"fnMap":{"0":{"name":"(anonymous_0)","decl":{"start":{"line":21,"column":24},"end":{"line":21,"column":25}},"loc":{"start":{"line":21,"column":35},"end":{"line":21,"column":91}},"line":21},"1":{"name":"(anonymous_1)","decl":{"start":{"line":24,"column":23},"end":{"line":24,"column":24}},"loc":{"start":{"line":24,"column":29},"end":{"line":24,"column":85}},"line":24},"2":{"name":"(anonymous_2)","decl":{"start":{"line":30,"column":28},"end":{"line":30,"column":29}},"loc":{"start":{"line":30,"column":57},"end":{"line":36,"column":1}},"line":30},"3":{"name":"(anonymous_3)","decl":{"start":{"line":31,"column":27},"end":{"line":31,"column":28}},"loc":{"start":{"line":31,"column":33},"end":{"line":34,"column":3}},"line":31},"4":{"name":"finalizeGame","decl":{"start":{"line":50,"column":15},"end":{"line":50,"column":27}},"loc":{"start":{"line":50,"column":67},"end":{"line":111,"column":1}},"line":50},"5":{"name":"(anonymous_5)","decl":{"start":{"line":58,"column":47},"end":{"line":58,"column":48}},"loc":{"start":{"line":58,"column":65},"end":{"line":88,"column":5}},"line":58},"6":{"name":"(anonymous_6)","decl":{"start":{"line":61,"column":44},"end":{"line":61,"column":45}},"loc":{"start":{"line":61,"column":51},"end":{"line":61,"column":66}},"line":61},"7":{"name":"(anonymous_7)","decl":{"start":{"line":62,"column":44},"end":{"line":62,"column":45}},"loc":{"start":{"line":62,"column":51},"end":{"line":62,"column":66}},"line":62},"8":{"name":"(anonymous_8)","decl":{"start":{"line":113,"column":19},"end":{"line":113,"column":20}},"loc":{"start":{"line":113,"column":27},"end":{"line":572,"column":1}},"line":113},"9":{"name":"(anonymous_9)","decl":{"start":{"line":114,"column":22},"end":{"line":114,"column":23}},"loc":{"start":{"line":114,"column":34},"end":{"line":571,"column":3}},"line":114},"10":{"name":"(anonymous_10)","decl":{"start":{"line":118,"column":29},"end":{"line":118,"column":30}},"loc":{"start":{"line":118,"column":60},"end":{"line":164,"column":5}},"line":118},"11":{"name":"(anonymous_11)","decl":{"start":{"line":134,"column":43},"end":{"line":134,"column":44}},"loc":{"start":{"line":135,"column":10},"end":{"line":141,"column":12}},"line":135},"12":{"name":"(anonymous_12)","decl":{"start":{"line":167,"column":27},"end":{"line":167,"column":28}},"loc":{"start":{"line":167,"column":66},"end":{"line":216,"column":5}},"line":167},"13":{"name":"(anonymous_13)","decl":{"start":{"line":191,"column":36},"end":{"line":191,"column":37}},"loc":{"start":{"line":192,"column":10},"end":{"line":195,"column":12}},"line":192},"14":{"name":"(anonymous_14)","decl":{"start":{"line":219,"column":27},"end":{"line":219,"column":28}},"loc":{"start":{"line":219,"column":60},"end":{"line":332,"column":5}},"line":219},"15":{"name":"(anonymous_15)","decl":{"start":{"line":228,"column":39},"end":{"line":228,"column":40}},"loc":{"start":{"line":228,"column":46},"end":{"line":228,"column":64}},"line":228},"16":{"name":"(anonymous_16)","decl":{"start":{"line":269,"column":36},"end":{"line":269,"column":37}},"loc":{"start":{"line":269,"column":54},"end":{"line":282,"column":9}},"line":269},"17":{"name":"(anonymous_17)","decl":{"start":{"line":322,"column":49},"end":{"line":322,"column":50}},"loc":{"start":{"line":322,"column":56},"end":{"line":322,"column":86}},"line":322},"18":{"name":"(anonymous_18)","decl":{"start":{"line":335,"column":27},"end":{"line":335,"column":28}},"loc":{"start":{"line":335,"column":54},"end":{"line":380,"column":5}},"line":335},"19":{"name":"(anonymous_19)","decl":{"start":{"line":341,"column":39},"end":{"line":341,"column":40}},"loc":{"start":{"line":341,"column":46},"end":{"line":341,"column":64}},"line":341},"20":{"name":"(anonymous_20)","decl":{"start":{"line":368,"column":47},"end":{"line":368,"column":48}},"loc":{"start":{"line":368,"column":54},"end":{"line":368,"column":84}},"line":368},"21":{"name":"(anonymous_21)","decl":{"start":{"line":383,"column":33},"end":{"line":383,"column":34}},"loc":{"start":{"line":383,"column":54},"end":{"line":392,"column":5}},"line":383},"22":{"name":"(anonymous_22)","decl":{"start":{"line":387,"column":39},"end":{"line":387,"column":40}},"loc":{"start":{"line":387,"column":46},"end":{"line":387,"column":64}},"line":387},"23":{"name":"(anonymous_23)","decl":{"start":{"line":398,"column":32},"end":{"line":398,"column":33}},"loc":{"start":{"line":398,"column":64},"end":{"line":478,"column":5}},"line":398},"24":{"name":"(anonymous_24)","decl":{"start":{"line":399,"column":56},"end":{"line":399,"column":57}},"loc":{"start":{"line":399,"column":62},"end":{"line":399,"column":64}},"line":399},"25":{"name":"(anonymous_25)","decl":{"start":{"line":407,"column":39},"end":{"line":407,"column":40}},"loc":{"start":{"line":407,"column":46},"end":{"line":407,"column":64}},"line":407},"26":{"name":"(anonymous_26)","decl":{"start":{"line":425,"column":42},"end":{"line":425,"column":43}},"loc":{"start":{"line":425,"column":49},"end":{"line":425,"column":64}},"line":425},"27":{"name":"(anonymous_27)","decl":{"start":{"line":426,"column":42},"end":{"line":426,"column":43}},"loc":{"start":{"line":426,"column":49},"end":{"line":426,"column":64}},"line":426},"28":{"name":"(anonymous_28)","decl":{"start":{"line":440,"column":46},"end":{"line":440,"column":47}},"loc":{"start":{"line":440,"column":64},"end":{"line":453,"column":9}},"line":440},"29":{"name":"(anonymous_29)","decl":{"start":{"line":471,"column":38},"end":{"line":471,"column":39}},"loc":{"start":{"line":471,"column":46},"end":{"line":474,"column":7}},"line":471},"30":{"name":"(anonymous_30)","decl":{"start":{"line":481,"column":24},"end":{"line":481,"column":25}},"loc":{"start":{"line":481,"column":51},"end":{"line":500,"column":5}},"line":481},"31":{"name":"(anonymous_31)","decl":{"start":{"line":485,"column":39},"end":{"line":485,"column":40}},"loc":{"start":{"line":485,"column":46},"end":{"line":485,"column":64}},"line":485},"32":{"name":"(anonymous_32)","decl":{"start":{"line":490,"column":41},"end":{"line":490,"column":42}},"loc":{"start":{"line":490,"column":48},"end":{"line":490,"column":66}},"line":490},"33":{"name":"(anonymous_33)","decl":{"start":{"line":503,"column":30},"end":{"line":503,"column":31}},"loc":{"start":{"line":503,"column":57},"end":{"line":519,"column":5}},"line":503},"34":{"name":"(anonymous_34)","decl":{"start":{"line":507,"column":39},"end":{"line":507,"column":40}},"loc":{"start":{"line":507,"column":46},"end":{"line":507,"column":64}},"line":507},"35":{"name":"(anonymous_35)","decl":{"start":{"line":522,"column":28},"end":{"line":522,"column":29}},"loc":{"start":{"line":522,"column":40},"end":{"line":570,"column":5}},"line":522},"36":{"name":"(anonymous_36)","decl":{"start":{"line":526,"column":49},"end":{"line":526,"column":50}},"loc":{"start":{"line":526,"column":56},"end":{"line":526,"column":74}},"line":526},"37":{"name":"(anonymous_37)","decl":{"start":{"line":543,"column":46},"end":{"line":543,"column":47}},"loc":{"start":{"line":543,"column":53},"end":{"line":543,"column":71}},"line":543}},"branchMap":{"0":{"loc":{"start":{"line":21,"column":35},"end":{"line":21,"column":91}},"type":"cond-expr","locations":[{"start":{"line":21,"column":62},"end":{"line":21,"column":86}},{"start":{"line":21,"column":89},"end":{"line":21,"column":91}}],"line":21},"1":{"loc":{"start":{"line":30,"column":37},"end":{"line":30,"column":52}},"type":"default-arg","locations":[{"start":{"line":30,"column":47},"end":{"line":30,"column":52}}],"line":30},"2":{"loc":{"start":{"line":51,"column":2},"end":{"line":53,"column":3}},"type":"if","locations":[{"start":{"line":51,"column":2},"end":{"line":53,"column":3}},{"start":{},"end":{}}],"line":51},"3":{"loc":{"start":{"line":51,"column":6},"end":{"line":51,"column":51}},"type":"binary-expr","locations":[{"start":{"line":51,"column":6},"end":{"line":51,"column":32}},{"start":{"line":51,"column":36},"end":{"line":51,"column":51}}],"line":51},"4":{"loc":{"start":{"line":70,"column":6},"end":{"line":85,"column":7}},"type":"if","locations":[{"start":{"line":70,"column":6},"end":{"line":85,"column":7}},{"start":{},"end":{}}],"line":70},"5":{"loc":{"start":{"line":70,"column":10},"end":{"line":70,"column":52}},"type":"binary-expr","locations":[{"start":{"line":70,"column":10},"end":{"line":70,"column":29}},{"start":{"line":70,"column":33},"end":{"line":70,"column":52}}],"line":70},"6":{"loc":{"start":{"line":73,"column":27},"end":{"line":73,"column":82}},"type":"cond-expr","locations":[{"start":{"line":73,"column":49},"end":{"line":73,"column":50}},{"start":{"line":73,"column":53},"end":{"line":73,"column":82}}],"line":73},"7":{"loc":{"start":{"line":73,"column":53},"end":{"line":73,"column":82}},"type":"cond-expr","locations":[{"start":{"line":73,"column":75},"end":{"line":73,"column":76}},{"start":{"line":73,"column":79},"end":{"line":73,"column":82}}],"line":73},"8":{"loc":{"start":{"line":118,"column":36},"end":{"line":118,"column":55}},"type":"default-arg","locations":[{"start":{"line":118,"column":53},"end":{"line":118,"column":55}}],"line":118},"9":{"loc":{"start":{"line":120,"column":6},"end":{"line":122,"column":7}},"type":"if","locations":[{"start":{"line":120,"column":6},"end":{"line":122,"column":7}},{"start":{},"end":{}}],"line":120},"10":{"loc":{"start":{"line":124,"column":21},"end":{"line":124,"column":42}},"type":"binary-expr","locations":[{"start":{"line":124,"column":21},"end":{"line":124,"column":34}},{"start":{"line":124,"column":38},"end":{"line":124,"column":42}}],"line":124},"11":{"loc":{"start":{"line":167,"column":34},"end":{"line":167,"column":61}},"type":"default-arg","locations":[{"start":{"line":167,"column":59},"end":{"line":167,"column":61}}],"line":167},"12":{"loc":{"start":{"line":169,"column":6},"end":{"line":171,"column":7}},"type":"if","locations":[{"start":{"line":169,"column":6},"end":{"line":171,"column":7}},{"start":{},"end":{}}],"line":169},"13":{"loc":{"start":{"line":172,"column":6},"end":{"line":174,"column":7}},"type":"if","locations":[{"start":{"line":172,"column":6},"end":{"line":174,"column":7}},{"start":{},"end":{}}],"line":172},"14":{"loc":{"start":{"line":175,"column":6},"end":{"line":177,"column":7}},"type":"if","locations":[{"start":{"line":175,"column":6},"end":{"line":177,"column":7}},{"start":{},"end":{}}],"line":175},"15":{"loc":{"start":{"line":180,"column":6},"end":{"line":182,"column":7}},"type":"if","locations":[{"start":{"line":180,"column":6},"end":{"line":182,"column":7}},{"start":{},"end":{}}],"line":180},"16":{"loc":{"start":{"line":184,"column":21},"end":{"line":184,"column":42}},"type":"binary-expr","locations":[{"start":{"line":184,"column":21},"end":{"line":184,"column":34}},{"start":{"line":184,"column":38},"end":{"line":184,"column":42}}],"line":184},"17":{"loc":{"start":{"line":206,"column":6},"end":{"line":208,"column":7}},"type":"if","locations":[{"start":{"line":206,"column":6},"end":{"line":208,"column":7}},{"start":{},"end":{}}],"line":206},"18":{"loc":{"start":{"line":206,"column":10},"end":{"line":206,"column":63}},"type":"binary-expr","locations":[{"start":{"line":206,"column":10},"end":{"line":206,"column":34}},{"start":{"line":206,"column":38},"end":{"line":206,"column":63}}],"line":206},"19":{"loc":{"start":{"line":219,"column":34},"end":{"line":219,"column":55}},"type":"default-arg","locations":[{"start":{"line":219,"column":53},"end":{"line":219,"column":55}}],"line":219},"20":{"loc":{"start":{"line":221,"column":6},"end":{"line":223,"column":7}},"type":"if","locations":[{"start":{"line":221,"column":6},"end":{"line":223,"column":7}},{"start":{},"end":{}}],"line":221},"21":{"loc":{"start":{"line":221,"column":10},"end":{"line":221,"column":44}},"type":"binary-expr","locations":[{"start":{"line":221,"column":10},"end":{"line":221,"column":15}},{"start":{"line":221,"column":19},"end":{"line":221,"column":44}}],"line":221},"22":{"loc":{"start":{"line":224,"column":6},"end":{"line":226,"column":7}},"type":"if","locations":[{"start":{"line":224,"column":6},"end":{"line":226,"column":7}},{"start":{},"end":{}}],"line":224},"23":{"loc":{"start":{"line":229,"column":6},"end":{"line":231,"column":7}},"type":"if","locations":[{"start":{"line":229,"column":6},"end":{"line":231,"column":7}},{"start":{},"end":{}}],"line":229},"24":{"loc":{"start":{"line":232,"column":6},"end":{"line":234,"column":7}},"type":"if","locations":[{"start":{"line":232,"column":6},"end":{"line":234,"column":7}},{"start":{},"end":{}}],"line":232},"25":{"loc":{"start":{"line":235,"column":6},"end":{"line":237,"column":7}},"type":"if","locations":[{"start":{"line":235,"column":6},"end":{"line":237,"column":7}},{"start":{},"end":{}}],"line":235},"26":{"loc":{"start":{"line":235,"column":10},"end":{"line":235,"column":79}},"type":"binary-expr","locations":[{"start":{"line":235,"column":10},"end":{"line":235,"column":15}},{"start":{"line":235,"column":19},"end":{"line":235,"column":48}},{"start":{"line":235,"column":52},"end":{"line":235,"column":79}}],"line":235},"27":{"loc":{"start":{"line":255,"column":6},"end":{"line":259,"column":7}},"type":"if","locations":[{"start":{"line":255,"column":6},"end":{"line":259,"column":7}},{"start":{},"end":{}}],"line":255},"28":{"loc":{"start":{"line":278,"column":27},"end":{"line":278,"column":53}},"type":"binary-expr","locations":[{"start":{"line":278,"column":27},"end":{"line":278,"column":45}},{"start":{"line":278,"column":49},"end":{"line":278,"column":53}}],"line":278},"29":{"loc":{"start":{"line":299,"column":18},"end":{"line":299,"column":44}},"type":"binary-expr","locations":[{"start":{"line":299,"column":18},"end":{"line":299,"column":36}},{"start":{"line":299,"column":40},"end":{"line":299,"column":44}}],"line":299},"30":{"loc":{"start":{"line":307,"column":67},"end":{"line":307,"column":94}},"type":"binary-expr","locations":[{"start":{"line":307,"column":67},"end":{"line":307,"column":86}},{"start":{"line":307,"column":90},"end":{"line":307,"column":94}}],"line":307},"31":{"loc":{"start":{"line":315,"column":6},"end":{"line":331,"column":7}},"type":"if","locations":[{"start":{"line":315,"column":6},"end":{"line":331,"column":7}},{"start":{},"end":{}}],"line":315},"32":{"loc":{"start":{"line":315,"column":10},"end":{"line":315,"column":57}},"type":"binary-expr","locations":[{"start":{"line":315,"column":10},"end":{"line":315,"column":34}},{"start":{"line":315,"column":38},"end":{"line":315,"column":57}}],"line":315},"33":{"loc":{"start":{"line":316,"column":30},"end":{"line":316,"column":77}},"type":"cond-expr","locations":[{"start":{"line":316,"column":57},"end":{"line":316,"column":68}},{"start":{"line":316,"column":71},"end":{"line":316,"column":77}}],"line":316},"34":{"loc":{"start":{"line":319,"column":8},"end":{"line":324,"column":9}},"type":"if","locations":[{"start":{"line":319,"column":8},"end":{"line":324,"column":9}},{"start":{},"end":{}}],"line":319},"35":{"loc":{"start":{"line":323,"column":26},"end":{"line":323,"column":52}},"type":"binary-expr","locations":[{"start":{"line":323,"column":26},"end":{"line":323,"column":44}},{"start":{"line":323,"column":48},"end":{"line":323,"column":52}}],"line":323},"36":{"loc":{"start":{"line":335,"column":34},"end":{"line":335,"column":49}},"type":"default-arg","locations":[{"start":{"line":335,"column":47},"end":{"line":335,"column":49}}],"line":335},"37":{"loc":{"start":{"line":337,"column":6},"end":{"line":339,"column":7}},"type":"if","locations":[{"start":{"line":337,"column":6},"end":{"line":339,"column":7}},{"start":{},"end":{}}],"line":337},"38":{"loc":{"start":{"line":342,"column":6},"end":{"line":344,"column":7}},"type":"if","locations":[{"start":{"line":342,"column":6},"end":{"line":344,"column":7}},{"start":{},"end":{}}],"line":342},"39":{"loc":{"start":{"line":345,"column":6},"end":{"line":347,"column":7}},"type":"if","locations":[{"start":{"line":345,"column":6},"end":{"line":347,"column":7}},{"start":{},"end":{}}],"line":345},"40":{"loc":{"start":{"line":348,"column":6},"end":{"line":350,"column":7}},"type":"if","locations":[{"start":{"line":348,"column":6},"end":{"line":350,"column":7}},{"start":{},"end":{}}],"line":348},"41":{"loc":{"start":{"line":358,"column":6},"end":{"line":360,"column":7}},"type":"if","locations":[{"start":{"line":358,"column":6},"end":{"line":360,"column":7}},{"start":{},"end":{}}],"line":358},"42":{"loc":{"start":{"line":358,"column":10},"end":{"line":358,"column":33}},"type":"binary-expr","locations":[{"start":{"line":358,"column":10},"end":{"line":358,"column":22}},{"start":{"line":358,"column":26},"end":{"line":358,"column":33}}],"line":358},"43":{"loc":{"start":{"line":365,"column":6},"end":{"line":372,"column":7}},"type":"if","locations":[{"start":{"line":365,"column":6},"end":{"line":372,"column":7}},{"start":{"line":370,"column":13},"end":{"line":372,"column":7}}],"line":365},"44":{"loc":{"start":{"line":367,"column":29},"end":{"line":367,"column":58}},"type":"cond-expr","locations":[{"start":{"line":367,"column":49},"end":{"line":367,"column":52}},{"start":{"line":367,"column":55},"end":{"line":367,"column":58}}],"line":367},"45":{"loc":{"start":{"line":369,"column":24},"end":{"line":369,"column":50}},"type":"binary-expr","locations":[{"start":{"line":369,"column":24},"end":{"line":369,"column":42}},{"start":{"line":369,"column":46},"end":{"line":369,"column":50}}],"line":369},"46":{"loc":{"start":{"line":383,"column":34},"end":{"line":383,"column":49}},"type":"default-arg","locations":[{"start":{"line":383,"column":47},"end":{"line":383,"column":49}}],"line":383},"47":{"loc":{"start":{"line":385,"column":6},"end":{"line":385,"column":76}},"type":"if","locations":[{"start":{"line":385,"column":6},"end":{"line":385,"column":76}},{"start":{},"end":{}}],"line":385},"48":{"loc":{"start":{"line":388,"column":6},"end":{"line":388,"column":98}},"type":"if","locations":[{"start":{"line":388,"column":6},"end":{"line":388,"column":98}},{"start":{},"end":{}}],"line":388},"49":{"loc":{"start":{"line":389,"column":6},"end":{"line":389,"column":100}},"type":"if","locations":[{"start":{"line":389,"column":6},"end":{"line":389,"column":100}},{"start":{},"end":{}}],"line":389},"50":{"loc":{"start":{"line":398,"column":39},"end":{"line":398,"column":54}},"type":"default-arg","locations":[{"start":{"line":398,"column":52},"end":{"line":398,"column":54}}],"line":398},"51":{"loc":{"start":{"line":399,"column":22},"end":{"line":399,"column":64}},"type":"cond-expr","locations":[{"start":{"line":399,"column":50},"end":{"line":399,"column":53}},{"start":{"line":399,"column":56},"end":{"line":399,"column":64}}],"line":399},"52":{"loc":{"start":{"line":402,"column":6},"end":{"line":405,"column":7}},"type":"if","locations":[{"start":{"line":402,"column":6},"end":{"line":405,"column":7}},{"start":{},"end":{}}],"line":402},"53":{"loc":{"start":{"line":408,"column":6},"end":{"line":411,"column":7}},"type":"if","locations":[{"start":{"line":408,"column":6},"end":{"line":411,"column":7}},{"start":{},"end":{}}],"line":408},"54":{"loc":{"start":{"line":412,"column":6},"end":{"line":415,"column":7}},"type":"if","locations":[{"start":{"line":412,"column":6},"end":{"line":415,"column":7}},{"start":{},"end":{}}],"line":412},"55":{"loc":{"start":{"line":417,"column":6},"end":{"line":417,"column":60}},"type":"if","locations":[{"start":{"line":417,"column":6},"end":{"line":417,"column":60}},{"start":{},"end":{}}],"line":417},"56":{"loc":{"start":{"line":420,"column":6},"end":{"line":422,"column":7}},"type":"if","locations":[{"start":{"line":420,"column":6},"end":{"line":422,"column":7}},{"start":{},"end":{}}],"line":420},"57":{"loc":{"start":{"line":420,"column":10},"end":{"line":420,"column":81}},"type":"binary-expr","locations":[{"start":{"line":420,"column":10},"end":{"line":420,"column":33}},{"start":{"line":420,"column":37},"end":{"line":420,"column":81}}],"line":420},"58":{"loc":{"start":{"line":427,"column":6},"end":{"line":431,"column":7}},"type":"if","locations":[{"start":{"line":427,"column":6},"end":{"line":431,"column":7}},{"start":{},"end":{}}],"line":427},"59":{"loc":{"start":{"line":427,"column":10},"end":{"line":427,"column":34}},"type":"binary-expr","locations":[{"start":{"line":427,"column":10},"end":{"line":427,"column":20}},{"start":{"line":427,"column":24},"end":{"line":427,"column":34}}],"line":427},"60":{"loc":{"start":{"line":473,"column":15},"end":{"line":473,"column":48}},"type":"cond-expr","locations":[{"start":{"line":473,"column":39},"end":{"line":473,"column":42}},{"start":{"line":473,"column":45},"end":{"line":473,"column":48}}],"line":473},"61":{"loc":{"start":{"line":481,"column":31},"end":{"line":481,"column":46}},"type":"default-arg","locations":[{"start":{"line":481,"column":44},"end":{"line":481,"column":46}}],"line":481},"62":{"loc":{"start":{"line":483,"column":6},"end":{"line":483,"column":76}},"type":"if","locations":[{"start":{"line":483,"column":6},"end":{"line":483,"column":76}},{"start":{},"end":{}}],"line":483},"63":{"loc":{"start":{"line":486,"column":6},"end":{"line":486,"column":89}},"type":"if","locations":[{"start":{"line":486,"column":6},"end":{"line":486,"column":89}},{"start":{},"end":{}}],"line":486},"64":{"loc":{"start":{"line":487,"column":6},"end":{"line":487,"column":104}},"type":"if","locations":[{"start":{"line":487,"column":6},"end":{"line":487,"column":104}},{"start":{},"end":{}}],"line":487},"65":{"loc":{"start":{"line":488,"column":6},"end":{"line":488,"column":90}},"type":"if","locations":[{"start":{"line":488,"column":6},"end":{"line":488,"column":90}},{"start":{},"end":{}}],"line":488},"66":{"loc":{"start":{"line":491,"column":26},"end":{"line":491,"column":58}},"type":"cond-expr","locations":[{"start":{"line":491,"column":37},"end":{"line":491,"column":51}},{"start":{"line":491,"column":54},"end":{"line":491,"column":58}}],"line":491},"67":{"loc":{"start":{"line":492,"column":21},"end":{"line":492,"column":52}},"type":"cond-expr","locations":[{"start":{"line":492,"column":32},"end":{"line":492,"column":45}},{"start":{"line":492,"column":48},"end":{"line":492,"column":52}}],"line":492},"68":{"loc":{"start":{"line":503,"column":31},"end":{"line":503,"column":52}},"type":"default-arg","locations":[{"start":{"line":503,"column":50},"end":{"line":503,"column":52}}],"line":503},"69":{"loc":{"start":{"line":505,"column":6},"end":{"line":505,"column":24}},"type":"if","locations":[{"start":{"line":505,"column":6},"end":{"line":505,"column":24}},{"start":{},"end":{}}],"line":505},"70":{"loc":{"start":{"line":508,"column":6},"end":{"line":508,"column":26}},"type":"if","locations":[{"start":{"line":508,"column":6},"end":{"line":508,"column":26}},{"start":{},"end":{}}],"line":508},"71":{"loc":{"start":{"line":510,"column":27},"end":{"line":510,"column":37}},"type":"binary-expr","locations":[{"start":{"line":510,"column":27},"end":{"line":510,"column":31}},{"start":{"line":510,"column":35},"end":{"line":510,"column":37}}],"line":510},"72":{"loc":{"start":{"line":511,"column":6},"end":{"line":511,"column":25}},"type":"if","locations":[{"start":{"line":511,"column":6},"end":{"line":511,"column":25}},{"start":{},"end":{}}],"line":511},"73":{"loc":{"start":{"line":527,"column":8},"end":{"line":527,"column":39}},"type":"if","locations":[{"start":{"line":527,"column":8},"end":{"line":527,"column":39}},{"start":{},"end":{}}],"line":527},"74":{"loc":{"start":{"line":529,"column":8},"end":{"line":567,"column":9}},"type":"if","locations":[{"start":{"line":529,"column":8},"end":{"line":567,"column":9}},{"start":{"line":537,"column":15},"end":{"line":567,"column":9}}],"line":529},"75":{"loc":{"start":{"line":533,"column":10},"end":{"line":536,"column":11}},"type":"if","locations":[{"start":{"line":533,"column":10},"end":{"line":536,"column":11}},{"start":{},"end":{}}],"line":533},"76":{"loc":{"start":{"line":537,"column":15},"end":{"line":567,"column":9}},"type":"if","locations":[{"start":{"line":537,"column":15},"end":{"line":567,"column":9}},{"start":{"line":563,"column":15},"end":{"line":567,"column":9}}],"line":537},"77":{"loc":{"start":{"line":538,"column":10},"end":{"line":542,"column":11}},"type":"if","locations":[{"start":{"line":538,"column":10},"end":{"line":542,"column":11}},{"start":{},"end":{}}],"line":538},"78":{"loc":{"start":{"line":544,"column":30},"end":{"line":544,"column":64}},"type":"cond-expr","locations":[{"start":{"line":544,"column":42},"end":{"line":544,"column":57}},{"start":{"line":544,"column":60},"end":{"line":544,"column":64}}],"line":544},"79":{"loc":{"start":{"line":545,"column":25},"end":{"line":545,"column":58}},"type":"cond-expr","locations":[{"start":{"line":545,"column":37},"end":{"line":545,"column":51}},{"start":{"line":545,"column":54},"end":{"line":545,"column":58}}],"line":545}},"s":{"0":1,"1":1,"2":1,"3":1,"4":1,"5":1,"6":1,"7":53,"8":1,"9":28,"10":1,"11":10,"12":0,"13":0,"14":10,"15":12,"16":0,"17":12,"18":12,"19":12,"20":10,"21":10,"22":10,"23":10,"24":19,"25":10,"26":10,"27":0,"28":0,"29":0,"30":0,"31":0,"32":0,"33":0,"34":10,"35":2,"36":2,"37":10,"38":10,"39":10,"40":10,"41":10,"42":1,"43":1,"44":59,"45":59,"46":28,"47":28,"48":0,"49":28,"50":28,"51":28,"52":28,"53":28,"54":28,"55":27,"56":1,"57":1,"58":27,"59":27,"60":27,"61":27,"62":27,"63":59,"64":25,"65":25,"66":0,"67":25,"68":0,"69":25,"70":0,"71":25,"72":25,"73":0,"74":25,"75":25,"76":25,"77":24,"78":1,"79":1,"80":24,"81":0,"82":24,"83":24,"84":24,"85":24,"86":24,"87":59,"88":30,"89":30,"90":0,"91":30,"92":0,"93":30,"94":40,"95":30,"96":0,"97":30,"98":2,"99":28,"100":0,"101":28,"102":28,"103":28,"104":28,"105":3,"106":28,"107":3,"108":25,"109":25,"110":25,"111":25,"112":25,"113":24,"114":24,"115":1,"116":1,"117":1,"118":24,"119":24,"120":24,"121":24,"122":24,"123":3,"124":3,"125":3,"126":3,"127":3,"128":3,"129":4,"130":3,"131":3,"132":3,"133":1,"134":1,"135":59,"136":3,"137":3,"138":0,"139":3,"140":4,"141":3,"142":1,"143":2,"144":1,"145":1,"146":0,"147":1,"148":1,"149":1,"150":1,"151":0,"152":0,"153":0,"154":0,"155":0,"156":0,"157":0,"158":0,"159":0,"160":0,"161":0,"162":0,"163":0,"164":59,"165":0,"166":0,"167":0,"168":0,"169":0,"170":0,"171":0,"172":0,"173":0,"174":0,"175":59,"176":6,"177":6,"178":6,"179":0,"180":0,"181":6,"182":9,"183":6,"184":1,"185":1,"186":5,"187":0,"188":0,"189":5,"190":3,"191":5,"192":5,"193":3,"194":2,"195":4,"196":2,"197":2,"198":2,"199":0,"200":0,"201":0,"202":2,"203":2,"204":2,"205":2,"206":1,"207":1,"208":1,"209":1,"210":1,"211":1,"212":1,"213":1,"214":1,"215":1,"216":1,"217":1,"218":1,"219":1,"220":1,"221":1,"222":1,"223":2,"224":1,"225":1,"226":59,"227":10,"228":10,"229":0,"230":10,"231":11,"232":10,"233":1,"234":9,"235":1,"236":8,"237":0,"238":8,"239":16,"240":8,"241":8,"242":8,"243":8,"244":1,"245":1,"246":59,"247":0,"248":0,"249":0,"250":0,"251":0,"252":0,"253":0,"254":0,"255":0,"256":0,"257":0,"258":59,"259":59,"260":59,"261":3,"262":4,"263":3,"264":0,"265":3,"266":1,"267":1,"268":1,"269":1,"270":2,"271":1,"272":0,"273":1,"274":2,"275":1,"276":1,"277":1,"278":1,"279":1,"280":1,"281":0,"282":1,"283":3,"284":1},"f":{"0":53,"1":28,"2":10,"3":0,"4":12,"5":10,"6":10,"7":19,"8":1,"9":59,"10":28,"11":27,"12":25,"13":24,"14":30,"15":40,"16":24,"17":4,"18":3,"19":4,"20":0,"21":0,"22":0,"23":6,"24":0,"25":9,"26":4,"27":2,"28":1,"29":2,"30":10,"31":11,"32":16,"33":0,"34":0,"35":59,"36":4,"37":2},"b":{"0":[53,0],"1":[10],"2":[0,12],"3":[12,12],"4":[0,10],"5":[10,0],"6":[0,0],"7":[0,0],"8":[0],"9":[0,28],"10":[28,28],"11":[0],"12":[0,25],"13":[0,25],"14":[0,25],"15":[0,25],"16":[25,25],"17":[0,24],"18":[24,24],"19":[0],"20":[0,30],"21":[30,30],"22":[0,30],"23":[0,30],"24":[2,28],"25":[0,28],"26":[28,28,28],"27":[3,25],"28":[24,22],"29":[24,22],"30":[24,24],"31":[3,21],"32":[24,21],"33":[3,0],"34":[3,0],"35":[3,0],"36":[0],"37":[0,3],"38":[1,2],"39":[1,1],"40":[0,1],"41":[1,0],"42":[1,1],"43":[0,0],"44":[0,0],"45":[0,0],"46":[0],"47":[0,0],"48":[0,0],"49":[0,0],"50":[0],"51":[6,0],"52":[0,6],"53":[1,5],"54":[0,5],"55":[3,2],"56":[3,2],"57":[5,5],"58":[0,2],"59":[2,2],"60":[1,1],"61":[0],"62":[0,10],"63":[1,9],"64":[1,8],"65":[0,8],"66":[8,0],"67":[8,0],"68":[0],"69":[0,0],"70":[0,0],"71":[0,0],"72":[0,0],"73":[0,3],"74":[1,2],"75":[1,0],"76":[1,1],"77":[0,1],"78":[1,0],"79":[1,0]},"_coverageSchema":"1a1c01bbd47fc00a2c39e90264f33305004495a9","hash":"b61cd603b58cc721d9f6d953006121e5b54e7b0e"}
,"/home/moamen-lotfy/Desktop/End-to-End-Kubernetes-Chess-DevSecOps-FullStack-Project/Chess-Backend/src/socket/socketAuth.js": {"path":"/home/moamen-lotfy/Desktop/End-to-End-Kubernetes-Chess-DevSecOps-FullStack-Project/Chess-Backend/src/socket/socketAuth.js","statementMap":{"0":{"start":{"line":1,"column":12},"end":{"line":1,"column":35}},"1":{"start":{"line":3,"column":29},"end":{"line":30,"column":1}},"2":{"start":{"line":4,"column":16},"end":{"line":4,"column":44}},"3":{"start":{"line":7,"column":2},"end":{"line":11,"column":3}},"4":{"start":{"line":8,"column":4},"end":{"line":8,"column":25}},"5":{"start":{"line":9,"column":4},"end":{"line":9,"column":33}},"6":{"start":{"line":10,"column":4},"end":{"line":10,"column":18}},"7":{"start":{"line":13,"column":2},"end":{"line":29,"column":3}},"8":{"start":{"line":14,"column":20},"end":{"line":17,"column":5}},"9":{"start":{"line":19,"column":4},"end":{"line":21,"column":5}},"10":{"start":{"line":20,"column":6},"end":{"line":20,"column":61}},"11":{"start":{"line":23,"column":4},"end":{"line":23,"column":31}},"12":{"start":{"line":24,"column":4},"end":{"line":24,"column":32}},"13":{"start":{"line":26,"column":4},"end":{"line":26,"column":18}},"14":{"start":{"line":28,"column":4},"end":{"line":28,"column":59}},"15":{"start":{"line":32,"column":0},"end":{"line":32,"column":42}}},"fnMap":{"0":{"name":"(anonymous_0)","decl":{"start":{"line":3,"column":29},"end":{"line":3,"column":30}},"loc":{"start":{"line":3,"column":47},"end":{"line":30,"column":1}},"line":3}},"branchMap":{"0":{"loc":{"start":{"line":7,"column":2},"end":{"line":11,"column":3}},"type":"if","locations":[{"start":{"line":7,"column":2},"end":{"line":11,"column":3}},{"start":{},"end":{}}],"line":7},"1":{"loc":{"start":{"line":16,"column":6},"end":{"line":16,"column":50}},"type":"binary-expr","locations":[{"start":{"line":16,"column":6},"end":{"line":16,"column":28}},{"start":{"line":16,"column":32},"end":{"line":16,"column":50}}],"line":16},"2":{"loc":{"start":{"line":19,"column":4},"end":{"line":21,"column":5}},"type":"if","locations":[{"start":{"line":19,"column":4},"end":{"line":21,"column":5}},{"start":{},"end":{}}],"line":19}},"s":{"0":1,"1":1,"2":64,"3":64,"4":60,"5":60,"6":60,"7":4,"8":4,"9":2,"10":1,"11":1,"12":1,"13":1,"14":2,"15":1},"f":{"0":64},"b":{"0":[60,4],"1":[4,4],"2":[1,1]},"_coverageSchema":"1a1c01bbd47fc00a2c39e90264f33305004495a9","hash":"6a1b7ac2c082916cffdb14ecba559a570da7ed4a"}
,"/home/moamen-lotfy/Desktop/End-to-End-Kubernetes-Chess-DevSecOps-FullStack-Project/Chess-Backend/src/utils/elo.js": {"path":"/home/moamen-lotfy/Desktop/End-to-End-Kubernetes-Chess-DevSecOps-FullStack-Project/Chess-Backend/src/utils/elo.js","statementMap":{"0":{"start":{"line":4,"column":10},"end":{"line":4,"column":12}},"1":{"start":{"line":6,"column":22},"end":{"line":6,"column":93}},"2":{"start":{"line":6,"column":44},"end":{"line":6,"column":93}},"3":{"start":{"line":9,"column":26},"end":{"line":16,"column":1}},"4":{"start":{"line":10,"column":15},"end":{"line":10,"column":46}},"5":{"start":{"line":11,"column":15},"end":{"line":11,"column":23}},"6":{"start":{"line":12,"column":17},"end":{"line":12,"column":27}},"7":{"start":{"line":13,"column":15},"end":{"line":13,"column":56}},"8":{"start":{"line":14,"column":15},"end":{"line":14,"column":56}},"9":{"start":{"line":15,"column":2},"end":{"line":15,"column":22}},"10":{"start":{"line":18,"column":0},"end":{"line":18,"column":39}}},"fnMap":{"0":{"name":"(anonymous_0)","decl":{"start":{"line":6,"column":22},"end":{"line":6,"column":23}},"loc":{"start":{"line":6,"column":44},"end":{"line":6,"column":93}},"line":6},"1":{"name":"(anonymous_1)","decl":{"start":{"line":9,"column":26},"end":{"line":9,"column":27}},"loc":{"start":{"line":9,"column":56},"end":{"line":16,"column":1}},"line":9}},"branchMap":{},"s":{"0":1,"1":1,"2":0,"3":1,"4":0,"5":0,"6":0,"7":0,"8":0,"9":0,"10":1},"f":{"0":0,"1":0},"b":{},"_coverageSchema":"1a1c01bbd47fc00a2c39e90264f33305004495a9","hash":"dd42c93ec5330127a9bc7591ded79449187d576c"}
}
