TN:
SF:src/config/db.js
FN:18,(anonymous_0)
FN:22,(anonymous_1)
FN:33,(anonymous_2)
FNF:3
FNH:0
FNDA:0,(anonymous_0)
FNDA:0,(anonymous_1)
FNDA:0,(anonymous_2)
DA:4,1
DA:5,1
DA:7,1
DA:18,1
DA:19,0
DA:22,1
DA:23,0
DA:24,0
DA:25,0
DA:26,0
DA:28,0
DA:29,0
DA:33,1
DA:35,1
LF:14
LH:7
BRDA:8,0,0,1
BRDA:8,0,1,1
BRDA:9,1,0,1
BRDA:9,1,1,1
BRDA:10,2,0,1
BRDA:10,2,1,1
BRDA:11,3,0,1
BRDA:11,3,1,1
BRDA:12,4,0,1
BRDA:12,4,1,1
BRF:10
BRH:10
end_of_record
TN:
SF:src/config/logger.js
FNF:0
FNH:0
DA:1,1
DA:3,1
DA:20,1
LF:3
LH:3
BRDA:4,0,0,1
BRDA:4,0,1,1
BRF:2
BRH:2
end_of_record
TN:
SF:src/models/Game.js
FN:15,(anonymous_0)
FN:43,(anonymous_1)
FN:48,(anonymous_2)
FN:54,(anonymous_3)
FN:74,(anonymous_4)
FN:89,(anonymous_5)
FN:104,(anonymous_6)
FN:117,(anonymous_7)
FN:134,(anonymous_8)
FN:145,(anonymous_9)
FNF:10
FNH:6
FNDA:3,(anonymous_0)
FNDA:0,(anonymous_1)
FNDA:0,(anonymous_2)
FNDA:0,(anonymous_3)
FNDA:1,(anonymous_4)
FNDA:1,(anonymous_5)
FNDA:1,(anonymous_6)
FNDA:1,(anonymous_7)
FNDA:0,(anonymous_8)
FNDA:1,(anonymous_9)
DA:6,1
DA:8,1
DA:16,3
DA:17,3
DA:18,3
DA:19,3
DA:20,1
DA:21,1
DA:23,2
DA:24,2
DA:26,1
DA:29,1
DA:30,1
DA:31,1
DA:33,1
DA:35,3
DA:44,0
DA:45,0
DA:49,0
DA:50,0
DA:55,0
DA:62,0
DA:75,1
DA:81,1
DA:82,1
DA:84,0
DA:90,1
DA:97,1
DA:98,1
DA:100,0
DA:105,1
DA:109,1
DA:110,1
DA:112,0
DA:118,1
DA:125,1
DA:126,1
DA:128,0
DA:135,0
DA:139,0
DA:140,0
DA:142,0
DA:146,1
DA:150,1
DA:151,1
DA:153,0
DA:157,1
LF:47
LH:32
BRDA:45,0,0,0
BRDA:45,0,1,0
BRDA:50,1,0,0
BRDA:50,1,1,0
BRDA:54,2,0,0
BRDA:74,3,0,1
BRDA:79,4,0,1
BRDA:79,4,1,0
BRDA:79,5,0,1
BRDA:79,5,1,1
BRDA:79,6,0,1
BRDA:79,6,1,1
BRDA:81,7,0,1
BRDA:81,7,1,0
BRDA:95,8,0,1
BRDA:95,8,1,1
BRDA:97,9,0,1
BRDA:97,9,1,0
BRDA:109,10,0,1
BRDA:109,10,1,0
BRDA:123,11,0,1
BRDA:123,11,1,0
BRDA:125,12,0,1
BRDA:125,12,1,0
BRDA:139,13,0,0
BRDA:139,13,1,0
BRDA:150,14,0,1
BRDA:150,14,1,0
BRF:28
BRH:14
end_of_record
TN:
SF:src/socket/gameSocket.js
FN:21,(anonymous_0)
FN:24,(anonymous_1)
FN:30,(anonymous_2)
FN:31,(anonymous_3)
FN:50,finalizeGame
FN:58,(anonymous_5)
FN:61,(anonymous_6)
FN:62,(anonymous_7)
FN:113,(anonymous_8)
FN:114,(anonymous_9)
FN:118,(anonymous_10)
FN:134,(anonymous_11)
FN:167,(anonymous_12)
FN:191,(anonymous_13)
FN:219,(anonymous_14)
FN:228,(anonymous_15)
FN:269,(anonymous_16)
FN:322,(anonymous_17)
FN:335,(anonymous_18)
FN:341,(anonymous_19)
FN:368,(anonymous_20)
FN:383,(anonymous_21)
FN:387,(anonymous_22)
FN:398,(anonymous_23)
FN:399,(anonymous_24)
FN:407,(anonymous_25)
FN:425,(anonymous_26)
FN:426,(anonymous_27)
FN:440,(anonymous_28)
FN:471,(anonymous_29)
FN:481,(anonymous_30)
FN:485,(anonymous_31)
FN:490,(anonymous_32)
FN:503,(anonymous_33)
FN:507,(anonymous_34)
FN:522,(anonymous_35)
FN:526,(anonymous_36)
FN:543,(anonymous_37)
FNF:38
FNH:31
FNDA:53,(anonymous_0)
FNDA:28,(anonymous_1)
FNDA:10,(anonymous_2)
FNDA:0,(anonymous_3)
FNDA:12,finalizeGame
FNDA:10,(anonymous_5)
FNDA:10,(anonymous_6)
FNDA:19,(anonymous_7)
FNDA:1,(anonymous_8)
FNDA:59,(anonymous_9)
FNDA:28,(anonymous_10)
FNDA:27,(anonymous_11)
FNDA:25,(anonymous_12)
FNDA:24,(anonymous_13)
FNDA:30,(anonymous_14)
FNDA:40,(anonymous_15)
FNDA:24,(anonymous_16)
FNDA:4,(anonymous_17)
FNDA:3,(anonymous_18)
FNDA:4,(anonymous_19)
FNDA:0,(anonymous_20)
FNDA:0,(anonymous_21)
FNDA:0,(anonymous_22)
FNDA:6,(anonymous_23)
FNDA:0,(anonymous_24)
FNDA:9,(anonymous_25)
FNDA:4,(anonymous_26)
FNDA:2,(anonymous_27)
FNDA:1,(anonymous_28)
FNDA:2,(anonymous_29)
FNDA:10,(anonymous_30)
FNDA:11,(anonymous_31)
FNDA:16,(anonymous_32)
FNDA:0,(anonymous_33)
FNDA:0,(anonymous_34)
FNDA:59,(anonymous_35)
FNDA:4,(anonymous_36)
FNDA:2,(anonymous_37)
DA:8,1
DA:9,1
DA:10,1
DA:11,1
DA:12,1
DA:18,1
DA:21,53
DA:24,28
DA:30,1
DA:31,10
DA:32,0
DA:33,0
DA:35,10
DA:51,12
DA:52,0
DA:54,12
DA:57,12
DA:58,12
DA:59,10
DA:61,10
DA:62,19
DA:63,10
DA:70,10
DA:71,0
DA:72,0
DA:73,0
DA:74,0
DA:79,0
DA:80,0
DA:81,0
DA:87,10
DA:93,2
DA:94,2
DA:98,10
DA:99,10
DA:101,10
DA:109,10
DA:110,10
DA:113,1
DA:114,1
DA:115,59
DA:118,59
DA:119,28
DA:120,28
DA:121,0
DA:124,28
DA:125,28
DA:126,28
DA:127,28
DA:133,28
DA:134,28
DA:135,27
DA:144,1
DA:145,1
DA:148,27
DA:160,27
DA:161,27
DA:162,27
DA:163,27
DA:167,59
DA:168,25
DA:169,25
DA:170,0
DA:172,25
DA:173,0
DA:175,25
DA:176,0
DA:179,25
DA:180,25
DA:181,0
DA:184,25
DA:190,25
DA:191,25
DA:192,24
DA:198,1
DA:199,1
DA:206,24
DA:207,0
DA:210,24
DA:211,24
DA:212,24
DA:214,24
DA:215,24
DA:219,59
DA:220,30
DA:221,30
DA:222,0
DA:224,30
DA:225,0
DA:228,40
DA:229,30
DA:230,0
DA:232,30
DA:233,2
DA:235,28
DA:236,0
DA:241,28
DA:242,28
DA:245,28
DA:246,28
DA:252,3
DA:255,28
DA:258,3
DA:264,25
DA:265,25
DA:266,25
DA:268,25
DA:269,25
DA:270,24
DA:271,24
DA:284,1
DA:288,1
DA:289,1
DA:293,24
DA:294,24
DA:295,24
DA:306,24
DA:315,24
DA:316,3
DA:317,3
DA:318,3
DA:319,3
DA:321,3
DA:322,4
DA:323,3
DA:325,3
DA:326,3
DA:328,1
DA:329,1
DA:335,59
DA:336,3
DA:337,3
DA:338,0
DA:341,4
DA:342,3
DA:343,1
DA:345,2
DA:346,1
DA:348,1
DA:349,0
DA:355,1
DA:356,1
DA:358,1
DA:359,1
DA:363,0
DA:364,0
DA:365,0
DA:366,0
DA:367,0
DA:368,0
DA:369,0
DA:371,0
DA:374,0
DA:375,0
DA:377,0
DA:378,0
DA:383,59
DA:384,0
DA:385,0
DA:387,0
DA:388,0
DA:389,0
DA:391,0
DA:398,59
DA:399,6
DA:401,6
DA:402,6
DA:403,0
DA:404,0
DA:407,9
DA:408,6
DA:409,1
DA:410,1
DA:412,5
DA:413,0
DA:414,0
DA:417,5
DA:418,5
DA:420,5
DA:421,3
DA:425,4
DA:426,2
DA:427,2
DA:428,0
DA:429,0
DA:430,0
DA:433,2
DA:434,2
DA:439,2
DA:440,2
DA:441,1
DA:448,1
DA:452,1
DA:455,1
DA:456,1
DA:457,1
DA:458,1
DA:462,1
DA:463,1
DA:464,1
DA:465,1
DA:466,1
DA:467,1
DA:468,1
DA:469,1
DA:470,1
DA:471,2
DA:476,1
DA:477,1
DA:481,59
DA:482,10
DA:483,10
DA:485,11
DA:486,10
DA:487,9
DA:488,8
DA:490,16
DA:491,8
DA:492,8
DA:494,8
DA:495,8
DA:497,1
DA:498,1
DA:503,59
DA:504,0
DA:505,0
DA:507,0
DA:508,0
DA:510,0
DA:511,0
DA:513,0
DA:522,59
DA:523,59
DA:525,59
DA:526,4
DA:527,3
DA:529,3
DA:532,1
DA:533,1
DA:534,1
DA:535,1
DA:537,2
DA:538,1
DA:541,0
DA:543,2
DA:544,1
DA:545,1
DA:551,1
DA:552,1
DA:554,1
DA:555,1
DA:561,0
DA:566,1
DA:568,3
DA:574,1
LF:255
LH:199
BRDA:21,0,0,53
BRDA:21,0,1,0
BRDA:30,1,0,10
BRDA:51,2,0,0
BRDA:51,2,1,12
BRDA:51,3,0,12
BRDA:51,3,1,12
BRDA:70,4,0,0
BRDA:70,4,1,10
BRDA:70,5,0,10
BRDA:70,5,1,0
BRDA:73,6,0,0
BRDA:73,6,1,0
BRDA:73,7,0,0
BRDA:73,7,1,0
BRDA:118,8,0,0
BRDA:120,9,0,0
BRDA:120,9,1,28
BRDA:124,10,0,28
BRDA:124,10,1,28
BRDA:167,11,0,0
BRDA:169,12,0,0
BRDA:169,12,1,25
BRDA:172,13,0,0
BRDA:172,13,1,25
BRDA:175,14,0,0
BRDA:175,14,1,25
BRDA:180,15,0,0
BRDA:180,15,1,25
BRDA:184,16,0,25
BRDA:184,16,1,25
BRDA:206,17,0,0
BRDA:206,17,1,24
BRDA:206,18,0,24
BRDA:206,18,1,24
BRDA:219,19,0,0
BRDA:221,20,0,0
BRDA:221,20,1,30
BRDA:221,21,0,30
BRDA:221,21,1,30
BRDA:224,22,0,0
BRDA:224,22,1,30
BRDA:229,23,0,0
BRDA:229,23,1,30
BRDA:232,24,0,2
BRDA:232,24,1,28
BRDA:235,25,0,0
BRDA:235,25,1,28
BRDA:235,26,0,28
BRDA:235,26,1,28
BRDA:235,26,2,28
BRDA:255,27,0,3
BRDA:255,27,1,25
BRDA:278,28,0,24
BRDA:278,28,1,22
BRDA:299,29,0,24
BRDA:299,29,1,22
BRDA:307,30,0,24
BRDA:307,30,1,24
BRDA:315,31,0,3
BRDA:315,31,1,21
BRDA:315,32,0,24
BRDA:315,32,1,21
BRDA:316,33,0,3
BRDA:316,33,1,0
BRDA:319,34,0,3
BRDA:319,34,1,0
BRDA:323,35,0,3
BRDA:323,35,1,0
BRDA:335,36,0,0
BRDA:337,37,0,0
BRDA:337,37,1,3
BRDA:342,38,0,1
BRDA:342,38,1,2
BRDA:345,39,0,1
BRDA:345,39,1,1
BRDA:348,40,0,0
BRDA:348,40,1,1
BRDA:358,41,0,1
BRDA:358,41,1,0
BRDA:358,42,0,1
BRDA:358,42,1,1
BRDA:365,43,0,0
BRDA:365,43,1,0
BRDA:367,44,0,0
BRDA:367,44,1,0
BRDA:369,45,0,0
BRDA:369,45,1,0
BRDA:383,46,0,0
BRDA:385,47,0,0
BRDA:385,47,1,0
BRDA:388,48,0,0
BRDA:388,48,1,0
BRDA:389,49,0,0
BRDA:389,49,1,0
BRDA:398,50,0,0
BRDA:399,51,0,6
BRDA:399,51,1,0
BRDA:402,52,0,0
BRDA:402,52,1,6
BRDA:408,53,0,1
BRDA:408,53,1,5
BRDA:412,54,0,0
BRDA:412,54,1,5
BRDA:417,55,0,3
BRDA:417,55,1,2
BRDA:420,56,0,3
BRDA:420,56,1,2
BRDA:420,57,0,5
BRDA:420,57,1,5
BRDA:427,58,0,0
BRDA:427,58,1,2
BRDA:427,59,0,2
BRDA:427,59,1,2
BRDA:473,60,0,1
BRDA:473,60,1,1
BRDA:481,61,0,0
BRDA:483,62,0,0
BRDA:483,62,1,10
BRDA:486,63,0,1
BRDA:486,63,1,9
BRDA:487,64,0,1
BRDA:487,64,1,8
BRDA:488,65,0,0
BRDA:488,65,1,8
BRDA:491,66,0,8
BRDA:491,66,1,0
BRDA:492,67,0,8
BRDA:492,67,1,0
BRDA:503,68,0,0
BRDA:505,69,0,0
BRDA:505,69,1,0
BRDA:508,70,0,0
BRDA:508,70,1,0
BRDA:510,71,0,0
BRDA:510,71,1,0
BRDA:511,72,0,0
BRDA:511,72,1,0
BRDA:527,73,0,0
BRDA:527,73,1,3
BRDA:529,74,0,1
BRDA:529,74,1,2
BRDA:533,75,0,1
BRDA:533,75,1,0
BRDA:537,76,0,1
BRDA:537,76,1,1
BRDA:538,77,0,0
BRDA:538,77,1,1
BRDA:544,78,0,1
BRDA:544,78,1,0
BRDA:545,79,0,1
BRDA:545,79,1,0
BRF:152
BRH:87
end_of_record
TN:
SF:src/socket/socketAuth.js
FN:3,(anonymous_0)
FNF:1
FNH:1
FNDA:64,(anonymous_0)
DA:1,1
DA:3,1
DA:4,64
DA:7,64
DA:8,60
DA:9,60
DA:10,60
DA:13,4
DA:14,4
DA:19,2
DA:20,1
DA:23,1
DA:24,1
DA:26,1
DA:28,2
DA:32,1
LF:16
LH:16
BRDA:7,0,0,60
BRDA:7,0,1,4
BRDA:16,1,0,4
BRDA:16,1,1,4
BRDA:19,2,0,1
BRDA:19,2,1,1
BRF:6
BRH:6
end_of_record
TN:
SF:src/utils/elo.js
FN:6,(anonymous_0)
FN:9,(anonymous_1)
FNF:2
FNH:0
FNDA:0,(anonymous_0)
FNDA:0,(anonymous_1)
DA:4,1
DA:6,1
DA:9,1
DA:10,0
DA:11,0
DA:12,0
DA:13,0
DA:14,0
DA:15,0
DA:18,1
LF:10
LH:4
BRF:0
BRH:0
end_of_record
